<?xml version="1.0" encoding="UTF-8"?>
<!-- Generated by org.testng.reporters.JUnitReportReporter -->
<testsuite hostname="LAPTOP-1R0DHK25" name="com.testngdemo.automation.functional.Testsuite_1st_research_google" tests="1" failures="0" timestamp="1 Dec 2020 15:20:20 GMT" time="0.129" errors="0">
  <testcase name="Research_a_word_on_google" time="0.129" classname="com.testngdemo.automation.functional.Testsuite_1st_research_google"/>
</testsuite> <!-- com.testngdemo.automation.functional.Testsuite_1st_research_google -->
